<?xml version="1.0" encoding="UTF-8"?>
<testsuite xmlns:xsi="http://www.w3.org/2001/XMLSchema-instance" xsi:noNamespaceSchemaLocation="https://maven.apache.org/surefire/maven-failsafe-plugin/xsd/failsafe-test-report-3.0.xsd" version="3.0" name="runners.CategoryTestRunner" time="6.472" tests="1" errors="0" skipped="0" failures="0">
  <properties>
[...]
</properties>
  <testcase name="View non-existent category returns 404 error" classname="Category Read Operations" time="4.695">
    <system-out><![CDATA[22:30:33.259 [main] DEBUG io.cucumber.core.plugin.SerenityReporter -- SRP:handleTestRunStarted Thread[#1,main,5,main] 
22:30:33.400 [main] DEBUG io.cucumber.core.plugin.SerenityReporter -- SRP:handleTestSourceRead Thread[#1,main,5,main]
22:30:33.401 [main] DEBUG io.cucumber.core.plugin.SerenityReporter -- Running feature from classpath:features/category/category_read.feature
22:30:33.511 [main] INFO  -- &amp#27;[96m

-------------------------------------------------------------------------------------
     _______. _______ .______       _______ .__   __.  __  .___________.____    ____ 
    /       ||   ____||   _  \     |   ____||  \ |  | |  | |           |\   \  /   / 
   |   (----`|  |__   |  |_)  |    |  |__   |   \|  | |  | `---|  |----` \   \/   /  
    \   \    |   __|  |      /     |   __|  |  . `  | |  |     |  |       \_    _/   
.----)   |   |  |____ |  |\  \----.|  |____ |  |\   | |  |     |  |         |  |     
|_______/    |_______|| _| `._____||_______||__| \__| |__|     |__|         |__|    
                                                                                     
 News and tutorials at https://serenity-bdd.info                                     
 Documentation at https://serenity-bdd.github.io                                     
 Test Automation Training and Coaching: https://www.serenity-dojo.com                
 Commercial Support: https://www.serenity-dojo.com/serenity-bdd-enterprise-support   
 Join the Serenity Community on Gitter: https://gitter.im/serenity-bdd/serenity-core 
-------------------------------------------------------------------------------------
&amp#27;[0m
22:30:33.518 [main] DEBUG net.thucydides.core.steps.StepEventBus -- Test suite started for story net.thucydides.model.domain.Story@e4e4032b
22:30:33.520 [main] INFO  -- Test Suite Started: Category Read Operations
22:30:33.817 [main] DEBUG io.cucumber.core.plugin.SerenityReporter -- SRP:handleTestCaseStarted classpath:features/category/category_read.feature Thread[#1,main,5,main] f2062463-bc92-4f8e-94b2-4d135b4034a3 at line 11
22:30:33.821 [main] DEBUG net.thucydides.core.steps.session.TestSession -- SRP:SessionStart: id f2062463-bc92-4f8e-94b2-4d135b4034a3
22:30:33.824 [main] DEBUG io.cucumber.core.plugin.SerenityReporter -- Running feature from classpath:features/category/category_read.feature
22:30:33.827 [main] DEBUG io.cucumber.core.plugin.ScenarioContextParallel -- SRP:addHighPriorityStepEventBusEvent net.thucydides.core.steps.events.SetTestSourceEvent@1effd53c Thread[#1,main,5,main] Category Read Operations;view-non-existent-category-returns-404-error
22:30:33.831 [main] DEBUG io.cucumber.core.plugin.SerenityReporter -- SRP:startScenario classpath:features/category/category_read.feature Thread[#1,main,5,main] f2062463-bc92-4f8e-94b2-4d135b4034a3 at line 11
22:30:33.837 [main] DEBUG io.cucumber.core.plugin.ScenarioContextParallel -- SRP:addHighPriorityStepEventBusEvent EventBusEvent TEST_STARTED_EVENT with name View non-existent category returns 404 error category-read-operations;view-non-existent-category-returns-404-error Thread[#1,main,5,main] Category Read Operations;view-non-existent-category-returns-404-error
22:30:33.838 [main] DEBUG net.thucydides.core.steps.session.TestSession -- SRP:SessionAddEvent: id f2062463-bc92-4f8e-94b2-4d135b4034a3 net.thucydides.core.steps.events.AddDescriptionToCurrentTestEvent@895416d
22:30:33.842 [main] DEBUG net.thucydides.core.steps.session.TestSession -- SRP:SessionAddEvent: id f2062463-bc92-4f8e-94b2-4d135b4034a3 EventBusEvent ADD_TAGS_TO_CURRENT_TEST_EVENT [tag:API, tag:Category]
22:30:33.843 [main] DEBUG net.thucydides.core.steps.session.TestSession -- SRP:SessionAddEvent: id f2062463-bc92-4f8e-94b2-4d135b4034a3 EventBusEvent ADD_TAGS_TO_CURRENT_TEST_EVENT []
22:30:33.843 [main] DEBUG net.thucydides.core.steps.session.TestSession -- SRP:SessionAddEvent: id f2062463-bc92-4f8e-94b2-4d135b4034a3 EventBusEvent ADD_TAGS_TO_CURRENT_TEST_EVENT [tag:API_Category_Read_007]
22:30:33.846 [main] DEBUG net.thucydides.core.steps.session.TestSession -- SRP:SessionAddEvent: id f2062463-bc92-4f8e-94b2-4d135b4034a3 net.thucydides.core.steps.events.SetBackgroundTitleEvent@654c7d2d
22:30:33.848 [main] DEBUG net.thucydides.core.steps.session.TestSession -- SRP:SessionAddEvent: id f2062463-bc92-4f8e-94b2-4d135b4034a3 net.thucydides.core.steps.events.SetBackgroundDescriptionEvent@1e7ab390

@API @Category @API_Category_Read_007
Scenario: View non-existent category returns 404 error                      &amp#27;[90m# features/category/category_read.feature:11&amp#27;[0m
22:30:33.851 [main] DEBUG io.cucumber.core.plugin.SerenityReporter -- Running feature from classpath:features/category/category_read.feature
22:30:33.852 [main] DEBUG io.cucumber.core.plugin.SerenityReporter -- SRP:handleTestStepStarted  classpath:features/category/category_read.feature Thread[#1,main,5,main] f2062463-bc92-4f8e-94b2-4d135b4034a3 at line 11
22:30:33.868 [main] DEBUG net.thucydides.core.steps.session.TestSession -- SRP:SessionAddEvent: id f2062463-bc92-4f8e-94b2-4d135b4034a3 EventBusEvent STEP_STARTED_EVENT Given the user is authenticated Given the user is authenticated
22:30:33.869 [main] DEBUG net.thucydides.core.steps.session.TestSession -- SRP:SessionAddEvent: id f2062463-bc92-4f8e-94b2-4d135b4034a3 net.thucydides.core.steps.events.UpdateCurrentStepTitleEvent@522bf64e
22:30:34.251 [main] DEBUG net.thucydides.core.steps.StepInterceptor -- SRP:Actor started step in session EventBusEvent STEP_STARTED_EVENT authenticateUser Authenticate user Thread[#1,main,5,main]
22:30:34.252 [main] DEBUG net.thucydides.core.steps.session.TestSession -- SRP:SessionAddEvent: id f2062463-bc92-4f8e-94b2-4d135b4034a3 EventBusEvent STEP_STARTED_EVENT authenticateUser Authenticate user
22:30:34.255 [main] DEBUG net.thucydides.core.steps.StepInterceptor -- STARTING STEP: CategoryStepDefinitions.theUserIsAuthenticated - Authenticate user
22:30:37.427 [main] DEBUG net.thucydides.core.steps.session.TestSession -- SRP:SessionAddEvent: id f2062463-bc92-4f8e-94b2-4d135b4034a3 EventBusEvent RECORD_REST_QUERY_EVENT POST http://localhost:8080/api/auth/login
22:30:38.009 [main] DEBUG net.thucydides.core.steps.StepInterceptor -- SRP:Actor finished step in session Thread[#1,main,5,main]
22:30:38.013 [main] DEBUG net.thucydides.core.steps.session.TestSession -- SRP:SessionAddEvent: id f2062463-bc92-4f8e-94b2-4d135b4034a3 EventBusEvent STEP_FINISHED_EVENT 
22:30:38.013 [main] DEBUG net.thucydides.core.steps.StepInterceptor -- STEP DONE: Authenticate user
22:30:38.016 [main] DEBUG io.cucumber.core.plugin.SerenityReporter -- SRP:handleTestStepFinished  classpath:features/category/category_read.feature Thread[#1,main,5,main] f2062463-bc92-4f8e-94b2-4d135b4034a3 at line 11
22:30:38.016 [main] DEBUG io.cucumber.core.plugin.SerenityReporter -- Running feature from classpath:features/category/category_read.feature
22:30:38.018 [main] DEBUG net.thucydides.core.steps.session.TestSession -- SRP:SessionAddEvent: id f2062463-bc92-4f8e-94b2-4d135b4034a3 net.serenitybdd.cucumber.events.StepFinishedWithResultEvent@5cd701e4
  &amp#27;[32mGiven &amp#27;[0m&amp#27;[32mthe user is authenticated&amp#27;[0m                                           &amp#27;[90m# stepdefinitions.CategoryStepDefinitions.theUserIsAuthenticated()&amp#27;[0m
22:30:38.021 [main] DEBUG io.cucumber.core.plugin.SerenityReporter -- Running feature from classpath:features/category/category_read.feature
22:30:38.021 [main] DEBUG io.cucumber.core.plugin.SerenityReporter -- SRP:handleTestStepStarted  classpath:features/category/category_read.feature Thread[#1,main,5,main] f2062463-bc92-4f8e-94b2-4d135b4034a3 at line 11
22:30:38.022 [main] DEBUG net.thucydides.core.steps.session.TestSession -- SRP:SessionAddEvent: id f2062463-bc92-4f8e-94b2-4d135b4034a3 EventBusEvent STEP_STARTED_EVENT Given the following category IDs exist in the database Given the following category IDs exist in the database
22:30:38.022 [main] DEBUG net.thucydides.core.steps.session.TestSession -- SRP:SessionAddEvent: id f2062463-bc92-4f8e-94b2-4d135b4034a3 net.thucydides.core.steps.events.UpdateCurrentStepTitleEvent@1dd443c1
22:30:38.025 [main] DEBUG net.thucydides.core.steps.StepInterceptor -- SRP:Actor started step in session EventBusEvent STEP_STARTED_EVENT fetchExistingCategoryIds Retrieve existing category IDs from the system Thread[#1,main,5,main]
22:30:38.026 [main] DEBUG net.thucydides.core.steps.session.TestSession -- SRP:SessionAddEvent: id f2062463-bc92-4f8e-94b2-4d135b4034a3 EventBusEvent STEP_STARTED_EVENT fetchExistingCategoryIds Retrieve existing category IDs from the system
22:30:38.028 [main] DEBUG net.thucydides.core.steps.StepInterceptor -- STARTING STEP: CategoryStepDefinitions.theFollowingCategoryIDsExistInTheDatabase - Retrieve existing category IDs from the system
22:30:38.128 [main] DEBUG net.thucydides.core.steps.session.TestSession -- SRP:SessionAddEvent: id f2062463-bc92-4f8e-94b2-4d135b4034a3 EventBusEvent RECORD_REST_QUERY_EVENT GET http://localhost:8080/api/categories
22:30:38.151 [main] DEBUG net.thucydides.core.steps.StepInterceptor -- SRP:Actor finished step in session Thread[#1,main,5,main]
22:30:38.152 [main] DEBUG net.thucydides.core.steps.session.TestSession -- SRP:SessionAddEvent: id f2062463-bc92-4f8e-94b2-4d135b4034a3 EventBusEvent STEP_FINISHED_EVENT 
22:30:38.152 [main] DEBUG net.thucydides.core.steps.StepInterceptor -- STEP DONE: Retrieve existing category IDs from the system
22:30:38.152 [main] DEBUG io.cucumber.core.plugin.SerenityReporter -- SRP:handleTestStepFinished  classpath:features/category/category_read.feature Thread[#1,main,5,main] f2062463-bc92-4f8e-94b2-4d135b4034a3 at line 11
22:30:38.152 [main] DEBUG io.cucumber.core.plugin.SerenityReporter -- Running feature from classpath:features/category/category_read.feature
22:30:38.152 [main] DEBUG net.thucydides.core.steps.session.TestSession -- SRP:SessionAddEvent: id f2062463-bc92-4f8e-94b2-4d135b4034a3 net.serenitybdd.cucumber.events.StepFinishedWithResultEvent@39ae6408
  &amp#27;[32mGiven &amp#27;[0m&amp#27;[32mthe following category IDs exist in the database&amp#27;[0m                    &amp#27;[90m# stepdefinitions.CategoryStepDefinitions.theFollowingCategoryIDsExistInTheDatabase()&amp#27;[0m
22:30:38.152 [main] DEBUG io.cucumber.core.plugin.SerenityReporter -- Running feature from classpath:features/category/category_read.feature
22:30:38.153 [main] DEBUG io.cucumber.core.plugin.SerenityReporter -- SRP:handleTestStepStarted  classpath:features/category/category_read.feature Thread[#1,main,5,main] f2062463-bc92-4f8e-94b2-4d135b4034a3 at line 11
22:30:38.153 [main] DEBUG net.thucydides.core.steps.session.TestSession -- SRP:SessionAddEvent: id f2062463-bc92-4f8e-94b2-4d135b4034a3 EventBusEvent STEP_STARTED_EVENT When the user sends a GET request to view category with a non-existent ID When the user sends a GET request to view category with a non-existent ID
22:30:38.153 [main] DEBUG net.thucydides.core.steps.session.TestSession -- SRP:SessionAddEvent: id f2062463-bc92-4f8e-94b2-4d135b4034a3 net.thucydides.core.steps.events.UpdateCurrentStepTitleEvent@cfacf0
22:30:38.153 [main] DEBUG net.thucydides.core.steps.StepInterceptor -- SRP:Actor started step in session EventBusEvent STEP_STARTED_EVENT getCategoryWithNonExistentId Send GET request for category with non-existent ID Thread[#1,main,5,main]
22:30:38.154 [main] DEBUG net.thucydides.core.steps.session.TestSession -- SRP:SessionAddEvent: id f2062463-bc92-4f8e-94b2-4d135b4034a3 EventBusEvent STEP_STARTED_EVENT getCategoryWithNonExistentId Send GET request for category with non-existent ID
22:30:38.154 [main] DEBUG net.thucydides.core.steps.StepInterceptor -- STARTING STEP: CategoryStepDefinitions.theUserSendsAGETRequestToViewCategoryWithANonExistentID - Send GET request for category with non-existent ID
22:30:38.221 [main] DEBUG net.thucydides.core.steps.session.TestSession -- SRP:SessionAddEvent: id f2062463-bc92-4f8e-94b2-4d135b4034a3 EventBusEvent RECORD_REST_QUERY_EVENT GET http://localhost:8080/api/categories/100016
22:30:38.221 [main] DEBUG net.thucydides.core.steps.StepInterceptor -- SRP:Actor finished step in session Thread[#1,main,5,main]
22:30:38.221 [main] DEBUG net.thucydides.core.steps.session.TestSession -- SRP:SessionAddEvent: id f2062463-bc92-4f8e-94b2-4d135b4034a3 EventBusEvent STEP_FINISHED_EVENT 
22:30:38.221 [main] DEBUG net.thucydides.core.steps.StepInterceptor -- STEP DONE: Send GET request for category with non-existent ID
22:30:38.221 [main] DEBUG io.cucumber.core.plugin.SerenityReporter -- SRP:handleTestStepFinished  classpath:features/category/category_read.feature Thread[#1,main,5,main] f2062463-bc92-4f8e-94b2-4d135b4034a3 at line 11
22:30:38.221 [main] DEBUG io.cucumber.core.plugin.SerenityReporter -- Running feature from classpath:features/category/category_read.feature
22:30:38.223 [main] DEBUG net.thucydides.core.steps.session.TestSession -- SRP:SessionAddEvent: id f2062463-bc92-4f8e-94b2-4d135b4034a3 net.serenitybdd.cucumber.events.StepFinishedWithResultEvent@45f0038
  &amp#27;[32mWhen &amp#27;[0m&amp#27;[32mthe user sends a GET request to view category with a non-existent ID&amp#27;[0m &amp#27;[90m# stepdefinitions.CategoryStepDefinitions.theUserSendsAGETRequestToViewCategoryWithANonExistentID()&amp#27;[0m
22:30:38.223 [main] DEBUG io.cucumber.core.plugin.SerenityReporter -- Running feature from classpath:features/category/category_read.feature
22:30:38.223 [main] DEBUG io.cucumber.core.plugin.SerenityReporter -- SRP:handleTestStepStarted  classpath:features/category/category_read.feature Thread[#1,main,5,main] f2062463-bc92-4f8e-94b2-4d135b4034a3 at line 11
22:30:38.225 [main] DEBUG net.thucydides.core.steps.session.TestSession -- SRP:SessionAddEvent: id f2062463-bc92-4f8e-94b2-4d135b4034a3 EventBusEvent STEP_STARTED_EVENT Then the response status code should be 404 Then the response status code should be 404
22:30:38.225 [main] DEBUG net.thucydides.core.steps.session.TestSession -- SRP:SessionAddEvent: id f2062463-bc92-4f8e-94b2-4d135b4034a3 net.thucydides.core.steps.events.UpdateCurrentStepTitleEvent@289a4b90
22:30:38.227 [main] DEBUG net.thucydides.core.steps.StepInterceptor -- SRP:Actor started step in session EventBusEvent STEP_STARTED_EVENT getLastResponseStatusCode Get response status code Thread[#1,main,5,main]
22:30:38.227 [main] DEBUG net.thucydides.core.steps.session.TestSession -- SRP:SessionAddEvent: id f2062463-bc92-4f8e-94b2-4d135b4034a3 EventBusEvent STEP_STARTED_EVENT getLastResponseStatusCode Get response status code
22:30:38.228 [main] DEBUG net.thucydides.core.steps.StepInterceptor -- STARTING STEP: CategoryStepDefinitions.theResponseStatusCodeShouldBe - Get response status code
22:30:38.228 [main] DEBUG net.thucydides.core.steps.StepInterceptor -- SRP:Actor finished step in session Thread[#1,main,5,main]
22:30:38.228 [main] DEBUG net.thucydides.core.steps.session.TestSession -- SRP:SessionAddEvent: id f2062463-bc92-4f8e-94b2-4d135b4034a3 EventBusEvent STEP_FINISHED_EVENT 
22:30:38.228 [main] DEBUG net.thucydides.core.steps.StepInterceptor -- STEP DONE: Get response status code
22:30:38.395 [main] DEBUG io.cucumber.core.plugin.SerenityReporter -- SRP:handleTestStepFinished  classpath:features/category/category_read.feature Thread[#1,main,5,main] f2062463-bc92-4f8e-94b2-4d135b4034a3 at line 11
22:30:38.395 [main] DEBUG io.cucumber.core.plugin.SerenityReporter -- Running feature from classpath:features/category/category_read.feature
22:30:38.396 [main] DEBUG net.thucydides.core.steps.session.TestSession -- SRP:SessionAddEvent: id f2062463-bc92-4f8e-94b2-4d135b4034a3 net.serenitybdd.cucumber.events.StepFinishedWithResultEvent@7f1ad846
  &amp#27;[32mThen &amp#27;[0m&amp#27;[32mthe response status code should be &amp#27;[0m&amp#27;[32m&amp#27;[1m404&amp#27;[0m                               &amp#27;[90m# stepdefinitions.CategoryStepDefinitions.theResponseStatusCodeShouldBe(int)&amp#27;[0m
22:30:38.396 [main] DEBUG io.cucumber.core.plugin.SerenityReporter -- Running feature from classpath:features/category/category_read.feature
22:30:38.396 [main] DEBUG io.cucumber.core.plugin.SerenityReporter -- SRP:handleTestStepStarted  classpath:features/category/category_read.feature Thread[#1,main,5,main] f2062463-bc92-4f8e-94b2-4d135b4034a3 at line 11
22:30:38.396 [main] DEBUG net.thucydides.core.steps.session.TestSession -- SRP:SessionAddEvent: id f2062463-bc92-4f8e-94b2-4d135b4034a3 EventBusEvent STEP_STARTED_EVENT And the response should contain error message "Category not found" And the response should contain error message "Category not found"
22:30:38.397 [main] DEBUG net.thucydides.core.steps.session.TestSession -- SRP:SessionAddEvent: id f2062463-bc92-4f8e-94b2-4d135b4034a3 net.thucydides.core.steps.events.UpdateCurrentStepTitleEvent@5d5ae6aa
22:30:38.397 [main] DEBUG net.thucydides.core.steps.StepInterceptor -- SRP:Actor started step in session EventBusEvent STEP_STARTED_EVENT getLastResponseBody Get response body Thread[#1,main,5,main]
22:30:38.398 [main] DEBUG net.thucydides.core.steps.session.TestSession -- SRP:SessionAddEvent: id f2062463-bc92-4f8e-94b2-4d135b4034a3 EventBusEvent STEP_STARTED_EVENT getLastResponseBody Get response body
22:30:38.398 [main] DEBUG net.thucydides.core.steps.StepInterceptor -- STARTING STEP: CategoryStepDefinitions.theResponseShouldContainErrorMessage - Get response body
22:30:38.398 [main] DEBUG net.thucydides.core.steps.StepInterceptor -- SRP:Actor finished step in session Thread[#1,main,5,main]
22:30:38.399 [main] DEBUG net.thucydides.core.steps.session.TestSession -- SRP:SessionAddEvent: id f2062463-bc92-4f8e-94b2-4d135b4034a3 EventBusEvent STEP_FINISHED_EVENT 
22:30:38.399 [main] DEBUG net.thucydides.core.steps.StepInterceptor -- STEP DONE: Get response body
22:30:38.404 [main] DEBUG io.cucumber.core.plugin.SerenityReporter -- SRP:handleTestStepFinished  classpath:features/category/category_read.feature Thread[#1,main,5,main] f2062463-bc92-4f8e-94b2-4d135b4034a3 at line 11
22:30:38.404 [main] DEBUG io.cucumber.core.plugin.SerenityReporter -- Running feature from classpath:features/category/category_read.feature
22:30:38.405 [main] DEBUG net.thucydides.core.steps.session.TestSession -- SRP:SessionAddEvent: id f2062463-bc92-4f8e-94b2-4d135b4034a3 net.serenitybdd.cucumber.events.StepFinishedWithResultEvent@1ff81b0d
  &amp#27;[32mAnd &amp#27;[0m&amp#27;[32mthe response should contain error message &amp#27;[0m&amp#27;[32m&amp#27;[1m"Category not found"&amp#27;[0m        &amp#27;[90m# stepdefinitions.CategoryStepDefinitions.theResponseShouldContainErrorMessage(java.lang.String)&amp#27;[0m
22:30:38.407 [main] DEBUG io.cucumber.core.plugin.SerenityReporter -- SRP:handleTestCaseFinished  classpath:features/category/category_read.feature Thread[#1,main,5,main] f2062463-bc92-4f8e-94b2-4d135b4034a3 at line 11
22:30:38.407 [main] DEBUG io.cucumber.core.plugin.SerenityReporter -- Running feature from classpath:features/category/category_read.feature
22:30:38.409 [main] DEBUG net.thucydides.core.steps.session.TestSession -- SRP:SessionAddEvent: id f2062463-bc92-4f8e-94b2-4d135b4034a3 EventBusEvent TEST_FINISHED_EVENT  false scenario Category Read Operations;view-non-existent-category-returns-404-error
22:30:38.409 [main] DEBUG net.thucydides.core.steps.session.TestSession -- SRP:SessionEnd: id f2062463-bc92-4f8e-94b2-4d135b4034a3
]]></system-out>
    <system-err><![CDATA[WARNING: A Java agent has been loaded dynamically (C:\Users\Hirushi Aramandeniya\.m2\repository\net\bytebuddy\byte-buddy-agent\1.14.12\byte-buddy-agent-1.14.12.jar)
WARNING: If a serviceability tool is in use, please run with -XX:+EnableDynamicAgentLoading to hide this warning
WARNING: If a serviceability tool is not in use, please run with -Djdk.instrument.traceUsage for more information
WARNING: Dynamic loading of agents will be disallowed by default in a future release
]]></system-err>
  </testcase>
</testsuite>